<?xml version="1.0" encoding="UTF-8"?>
<!-- Generated by org.testng.reporters.JUnitReportReporter -->
<testsuite hostname="DESKTOP-3PQ800V" failures="0" tests="1" name="testCases.TC_HP_003" time="1.346" errors="0" timestamp="2025-02-09T17:47:57 IST" skipped="0">
  <testcase classname="testCases.TC_HP_003" name="verifyRowsRemainIntactAfterSorting" time="1.346"/>
</testsuite> <!-- testCases.TC_HP_003 -->
